<?xml version="1.0" encoding="UTF-8"?>
<testng-results ignored="0" total="5" passed="5" failed="0" skipped="0">
  <reporter-output>
  </reporter-output>
  <suite started-at="2026-04-08T16:00:32 WEST" name="QA Suite" finished-at="2026-04-08T16:00:52 WEST" duration-ms="19867">
    <groups>
    </groups>
    <test started-at="2026-04-08T16:00:32 WEST" name="All Tests" finished-at="2026-04-08T16:00:52 WEST" duration-ms="19867">
      <class name="tests.LoginTests">
        <test-method is-config="true" signature="setup()[pri:0, instance:tests.LoginTests@647fd8ce]" started-at="2026-04-08T16:00:32 WEST" name="setup" finished-at="2026-04-08T16:00:35 WEST" duration-ms="2720" status="PASS">
          <reporter-output>
          </reporter-output>
        </test-method> <!-- setup -->
        <test-method signature="loginFail()[pri:0, instance:tests.LoginTests@647fd8ce]" started-at="2026-04-08T16:00:35 WEST" name="loginFail" finished-at="2026-04-08T16:00:37 WEST" duration-ms="2287" status="PASS">
          <reporter-output>
          </reporter-output>
        </test-method> <!-- loginFail -->
        <test-method is-config="true" signature="teardown(org.testng.ITestResult)[pri:0, instance:tests.LoginTests@647fd8ce]" started-at="2026-04-08T16:00:37 WEST" name="teardown" finished-at="2026-04-08T16:00:38 WEST" duration-ms="137" status="PASS">
          <params>
            <param index="0">
              <value>
                <![CDATA[[TestResult name=loginFail status=SUCCESS method=LoginTests.loginFail()[pri:0, instance:tests.LoginTests@647fd8ce] output={null}]]]>
              </value>
            </param>
          </params>
          <reporter-output>
          </reporter-output>
        </test-method> <!-- teardown -->
        <test-method is-config="true" signature="setup()[pri:0, instance:tests.LoginTests@647fd8ce]" started-at="2026-04-08T16:00:38 WEST" name="setup" finished-at="2026-04-08T16:00:38 WEST" duration-ms="671" status="PASS">
          <reporter-output>
          </reporter-output>
        </test-method> <!-- setup -->
        <test-method signature="loginSuccess()[pri:0, instance:tests.LoginTests@647fd8ce]" started-at="2026-04-08T16:00:38 WEST" name="loginSuccess" finished-at="2026-04-08T16:00:41 WEST" duration-ms="2295" status="PASS">
          <reporter-output>
          </reporter-output>
        </test-method> <!-- loginSuccess -->
        <test-method is-config="true" signature="teardown(org.testng.ITestResult)[pri:0, instance:tests.LoginTests@647fd8ce]" started-at="2026-04-08T16:00:41 WEST" name="teardown" finished-at="2026-04-08T16:00:41 WEST" duration-ms="106" status="PASS">
          <params>
            <param index="0">
              <value>
                <![CDATA[[TestResult name=loginSuccess status=SUCCESS method=LoginTests.loginSuccess()[pri:0, instance:tests.LoginTests@647fd8ce] output={null}]]]>
              </value>
            </param>
          </params>
          <reporter-output>
          </reporter-output>
        </test-method> <!-- teardown -->
      </class> <!-- tests.LoginTests -->
      <class name="tests.DropdownTests">
        <test-method is-config="true" signature="setup()[pri:0, instance:tests.DropdownTests@1d119efb]" started-at="2026-04-08T16:00:46 WEST" name="setup" finished-at="2026-04-08T16:00:47 WEST" duration-ms="736" status="PASS">
          <reporter-output>
          </reporter-output>
        </test-method> <!-- setup -->
        <test-method signature="selectDropdown()[pri:0, instance:tests.DropdownTests@1d119efb]" started-at="2026-04-08T16:00:47 WEST" name="selectDropdown" finished-at="2026-04-08T16:00:49 WEST" duration-ms="2099" status="PASS">
          <reporter-output>
          </reporter-output>
        </test-method> <!-- selectDropdown -->
        <test-method is-config="true" signature="teardown(org.testng.ITestResult)[pri:0, instance:tests.DropdownTests@1d119efb]" started-at="2026-04-08T16:00:49 WEST" name="teardown" finished-at="2026-04-08T16:00:49 WEST" duration-ms="103" status="PASS">
          <params>
            <param index="0">
              <value>
                <![CDATA[[TestResult name=selectDropdown status=SUCCESS method=DropdownTests.selectDropdown()[pri:0, instance:tests.DropdownTests@1d119efb] output={null}]]]>
              </value>
            </param>
          </params>
          <reporter-output>
          </reporter-output>
        </test-method> <!-- teardown -->
      </class> <!-- tests.DropdownTests -->
      <class name="tests.RegisterTests">
        <test-method is-config="true" signature="setup()[pri:0, instance:tests.RegisterTests@659a969b]" started-at="2026-04-08T16:00:49 WEST" name="setup" finished-at="2026-04-08T16:00:50 WEST" duration-ms="719" status="PASS">
          <reporter-output>
          </reporter-output>
        </test-method> <!-- setup -->
        <test-method signature="registerUser()[pri:0, instance:tests.RegisterTests@659a969b]" started-at="2026-04-08T16:00:50 WEST" name="registerUser" finished-at="2026-04-08T16:00:52 WEST" duration-ms="2110" status="PASS">
          <reporter-output>
          </reporter-output>
        </test-method> <!-- registerUser -->
        <test-method is-config="true" signature="teardown(org.testng.ITestResult)[pri:0, instance:tests.RegisterTests@659a969b]" started-at="2026-04-08T16:00:52 WEST" name="teardown" finished-at="2026-04-08T16:00:52 WEST" duration-ms="102" status="PASS">
          <params>
            <param index="0">
              <value>
                <![CDATA[[TestResult name=registerUser status=SUCCESS method=RegisterTests.registerUser()[pri:0, instance:tests.RegisterTests@659a969b] output={null}]]]>
              </value>
            </param>
          </params>
          <reporter-output>
          </reporter-output>
        </test-method> <!-- teardown -->
      </class> <!-- tests.RegisterTests -->
      <class name="tests.UploadTests">
        <test-method is-config="true" signature="setup()[pri:0, instance:tests.UploadTests@6fe7aac8]" started-at="2026-04-08T16:00:41 WEST" name="setup" finished-at="2026-04-08T16:00:41 WEST" duration-ms="748" status="PASS">
          <reporter-output>
          </reporter-output>
        </test-method> <!-- setup -->
        <test-method signature="uploadFile()[pri:0, instance:tests.UploadTests@6fe7aac8]" started-at="2026-04-08T16:00:41 WEST" name="uploadFile" finished-at="2026-04-08T16:00:46 WEST" duration-ms="4789" status="PASS">
          <reporter-output>
          </reporter-output>
        </test-method> <!-- uploadFile -->
        <test-method is-config="true" signature="teardown(org.testng.ITestResult)[pri:0, instance:tests.UploadTests@6fe7aac8]" started-at="2026-04-08T16:00:46 WEST" name="teardown" finished-at="2026-04-08T16:00:46 WEST" duration-ms="119" status="PASS">
          <params>
            <param index="0">
              <value>
                <![CDATA[[TestResult name=uploadFile status=SUCCESS method=UploadTests.uploadFile()[pri:0, instance:tests.UploadTests@6fe7aac8] output={null}]]]>
              </value>
            </param>
          </params>
          <reporter-output>
          </reporter-output>
        </test-method> <!-- teardown -->
      </class> <!-- tests.UploadTests -->
    </test> <!-- All Tests -->
  </suite> <!-- QA Suite -->
</testng-results>
