<?xml version="1.0" encoding="UTF-8"?>
<!-- Generated by org.testng.reporters.JUnitReportReporter -->
<testsuite hostname="alex" failures="0" tests="3" name="tests.CartTests" time="17.516" errors="0" timestamp="2026-04-10T17:12:46 WEST" skipped="0">
  <testcase classname="tests.CartTests" name="removeProductFromCart" time="13.037"/>
  <testcase classname="tests.CartTests" name="addProductToCart" time="2.357"/>
  <testcase classname="tests.CartTests" name="multipleProductsCart" time="2.122"/>
</testsuite> <!-- tests.CartTests -->
