<?xml version="1.0" encoding="UTF-8"?>
<testng-results ignored="0" total="3" passed="3" failed="0" skipped="0">
  <reporter-output>
  </reporter-output>
  <suite started-at="2026-04-13T17:15:01 WEST" name="Automation Suite" finished-at="2026-04-13T17:15:20 WEST" duration-ms="18518">
    <groups>
    </groups>
    <test started-at="2026-04-13T17:15:01 WEST" name="Web Tests" finished-at="2026-04-13T17:15:17 WEST" duration-ms="15499">
      <class name="tests.web.LoginTests">
        <test-method is-config="true" signature="setup()[pri:0, instance:tests.web.LoginTests@2145b572]" started-at="2026-04-13T17:15:15 WEST" name="setup" finished-at="2026-04-13T17:15:16 WEST" duration-ms="445" status="PASS">
          <reporter-output>
          </reporter-output>
        </test-method> <!-- setup -->
        <test-method signature="validLoginTest()[pri:0, instance:tests.web.LoginTests@2145b572]" started-at="2026-04-13T17:15:16 WEST" name="validLoginTest" finished-at="2026-04-13T17:15:17 WEST" duration-ms="964" status="PASS">
          <reporter-output>
          </reporter-output>
        </test-method> <!-- validLoginTest -->
        <test-method is-config="true" signature="tearDown()[pri:0, instance:tests.web.LoginTests@2145b572]" started-at="2026-04-13T17:15:17 WEST" name="tearDown" finished-at="2026-04-13T17:15:17 WEST" duration-ms="119" status="PASS">
          <reporter-output>
          </reporter-output>
        </test-method> <!-- tearDown -->
      </class> <!-- tests.web.LoginTests -->
      <class name="tests.web.CheckoutTests">
        <test-method is-config="true" signature="setUp()[pri:0, instance:tests.web.CheckoutTests@3911c2a7]" started-at="2026-04-13T17:15:01 WEST" name="setUp" finished-at="2026-04-13T17:15:08 WEST" duration-ms="6248" status="PASS">
          <reporter-output>
          </reporter-output>
        </test-method> <!-- setUp -->
        <test-method signature="completeCheckoutTest()[pri:0, instance:tests.web.CheckoutTests@3911c2a7]" started-at="2026-04-13T17:15:08 WEST" name="completeCheckoutTest" finished-at="2026-04-13T17:15:15 WEST" duration-ms="7360" status="PASS">
          <reporter-output>
          </reporter-output>
        </test-method> <!-- completeCheckoutTest -->
        <test-method is-config="true" signature="tearDown()[pri:0, instance:tests.web.CheckoutTests@3911c2a7]" started-at="2026-04-13T17:15:15 WEST" name="tearDown" finished-at="2026-04-13T17:15:15 WEST" duration-ms="157" status="PASS">
          <reporter-output>
          </reporter-output>
        </test-method> <!-- tearDown -->
      </class> <!-- tests.web.CheckoutTests -->
    </test> <!-- Web Tests -->
    <test started-at="2026-04-13T17:15:17 WEST" name="API Tests" finished-at="2026-04-13T17:15:20 WEST" duration-ms="2888">
      <class name="tests.api.ApiTests">
        <test-method signature="simpleGet()[pri:0, instance:tests.api.ApiTests@6e171cd7]" started-at="2026-04-13T17:15:17 WEST" name="simpleGet" finished-at="2026-04-13T17:15:20 WEST" duration-ms="2885" status="PASS">
          <reporter-output>
          </reporter-output>
        </test-method> <!-- simpleGet -->
      </class> <!-- tests.api.ApiTests -->
    </test> <!-- API Tests -->
  </suite> <!-- Automation Suite -->
</testng-results>
