<?xml version="1.0" encoding="UTF-8"?>
<!-- Generated by org.testng.reporters.JUnitXMLReporter -->
<testsuite ignored="0" hostname="alex" failures="0" tests="5" name="All Tests" time="19.867" errors="0" timestamp="2026-04-08T16:00:52 WEST">
  <testcase classname="tests.LoginTests" name="loginFail" time="2.287"/>
  <testcase classname="tests.LoginTests" name="loginSuccess" time="2.295"/>
  <testcase classname="tests.UploadTests" name="uploadFile" time="4.789"/>
  <testcase classname="tests.DropdownTests" name="selectDropdown" time="2.099"/>
  <testcase classname="tests.RegisterTests" name="registerUser" time="2.11"/>
</testsuite> <!-- All Tests -->
