<?xml version="1.0" encoding="UTF-8"?>
<!-- Generated by org.testng.reporters.JUnitXMLReporter -->
<testsuite ignored="0" hostname="alex" failures="0" tests="3" name="Surefire test" time="17.745" errors="0" timestamp="2026-04-10T17:12:45 WEST">
  <testcase classname="tests.CartTests" name="addProductToCart" time="1.37"/>
  <testcase classname="tests.CartTests" name="multipleProductsCart" time="1.023"/>
  <testcase classname="tests.CartTests" name="removeProductFromCart" time="6.695"/>
</testsuite> <!-- Surefire test -->
