<?xml version="1.0" encoding="UTF-8"?>
<testng-results ignored="0" total="1" passed="1" failed="0" skipped="0">
  <reporter-output>
  </reporter-output>
  <suite started-at="2026-04-13T16:07:56 WEST" name="Smoke Suite" finished-at="2026-04-13T16:08:06 WEST" duration-ms="9896">
    <groups>
    </groups>
    <test started-at="2026-04-13T16:07:56 WEST" name="Login Test" finished-at="2026-04-13T16:08:06 WEST" duration-ms="9896">
      <class name="tests.LoginTests">
        <test-method is-config="true" signature="setup()[pri:0, instance:tests.LoginTests@4b5a5ed1]" started-at="2026-04-13T16:07:57 WEST" name="setup" finished-at="2026-04-13T16:08:05 WEST" duration-ms="8070" status="PASS">
          <reporter-output>
          </reporter-output>
        </test-method> <!-- setup -->
        <test-method signature="loginSuccess()[pri:0, instance:tests.LoginTests@4b5a5ed1]" started-at="2026-04-13T16:08:05 WEST" name="loginSuccess" finished-at="2026-04-13T16:08:06 WEST" duration-ms="1199" status="PASS">
          <reporter-output>
          </reporter-output>
        </test-method> <!-- loginSuccess -->
        <test-method is-config="true" signature="teardown()[pri:0, instance:tests.LoginTests@4b5a5ed1]" started-at="2026-04-13T16:08:06 WEST" name="teardown" finished-at="2026-04-13T16:08:06 WEST" duration-ms="119" status="PASS">
          <reporter-output>
          </reporter-output>
        </test-method> <!-- teardown -->
      </class> <!-- tests.LoginTests -->
    </test> <!-- Login Test -->
  </suite> <!-- Smoke Suite -->
</testng-results>
